Welcome to OurScheme!

> #<procedure cons>

> #<procedure list>

> #<procedure quote>

> #<procedure define>

> #<procedure car>

> #<procedure cdr>

> #<procedure atom?>

> #<procedure pair?>

> #<procedure list?>

> #<procedure null?>

> #<procedure integer?>

> #<procedure real?>

> #<procedure number?>

> #<procedure string?>

> #<procedure boolean?>

> #<procedure symbol?>

> #<procedure +>

> #<procedure ->

> #<procedure *>

> #<procedure />

> #<procedure not>

> #<procedure and>

> #<procedure or>

> #<procedure >>

> #<procedure >=>

> #<procedure <>

> #<procedure <=>

> #<procedure =>

> #<procedure string-append>

> #<procedure string>?>

> #<procedure string<?>

> #<procedure string=?>

> #<procedure eqv?>

> #<procedure equal?>

> #<procedure begin>

> #<procedure if>

> ERROR (unbound symbol) : else

> #<procedure cond>

> #<procedure clean-environment>

> #<procedure exit>

> ERROR (level of EXIT)

> ERROR (level of CLEAN-ENVIRONMENT)

> ERROR (level of DEFINE)

> ( 1
  2
  3
)

> 1

> ERROR (incorrect number of arguments) : car

> ERROR (incorrect number of arguments) : cdr

> ERROR (incorrect number of arguments) : cons

> ( 3
  .
  4
)

> ( 3
)

> ( 3
)

> ERROR (unbound symbol) : hello

> ERROR (unbound symbol) : hello

> ( 3
  4
  5
)

> ( 3
  ( 4
    5
  )
)

> ERROR (attempt to apply non-function) : 4321

> ERROR (attempt to apply non-function) : 4

> ( 3
  ( 4
    5
  )
)

> ( 3
  ( 4
    5
  )
  6
  ( 7
    8
  )
)

> ERROR (unbound symbol) : abc

> 3

> ( 3
  4
)

> ( 3
  4
)

> ( 3
  4
)

> ERROR (unbound symbol) : WarAndPeace!

> ( 5
)

> ( "Happy New Year!"
  .
  6
)

> "Merry Christmas!"

> #t

> nil

> nil

> nil

> nil

> nil

> #t

> #t

> nil

> #t

> #t

> nil

> nil

> #t

> #t

> #t

> #t

> #t

> #t

> nil

> #t

> #t

> #t

> ERROR (unbound symbol) : America

> 
Thanks for using OurScheme!